****************************************
 Report : check_design
 Options: { pre_placement_stage }
 Design : router_top
 Version: V-2023.12-SP4
 Date   : Mon Dec  2 22:42:11 2024
****************************************

****************************************
Report : Data Mismatches
Version: V-2023.12-SP4
Date   : Mon Dec  2 22:42:11 2024
****************************************

==============================
Design : router_top
==============================
Mismatch Type                        Total Count   Repaired  Unrepaired
--------------------------------------------------------------------------------
layer_missing_prefer_direction       1             1         0
1
1
Information: There are no relative placement groups in the design. (NDMUI-173)
1
1

  *** EMS Message summary ***
  ----------------------------------------------------------------------------------------------------
  Rule         Type   Count      Message
  ----------------------------------------------------------------------------------------------------
  DFT-011      Info   1          The design has no scan chain defined in the scandef.
  DMM-118      Info   1          Mismatch type %mmtype is detected on object type %objtype at obj...
  MV-027       Warn   2          The tie-off connection '%tieNet' has not been implemented.
  ----------------------------------------------------------------------------------------------------
  Total 4 EMS messages : 0 errors, 2 warnings, 2 info.
  ----------------------------------------------------------------------------------------------------

  *** Non-EMS message summary *** 
  ----------------------------------------------------------------------------------------------------
   Rule         Type   Count      Message
  ----------------------------------------------------------------------------------------------------
     NDMUI-173   Info          1 There are no relative placement groups in the design.
  ----------------------------------------------------------------------------------------------------
  Total 1 non-EMS messages : 0 errors, 0 warnings, 1 info.
  ----------------------------------------------------------------------------------------------------
